<?xml version="1.0" encoding="UTF-8"?>
<!-- Generated by org.testng.reporters.JUnitReportReporter -->
<testsuite skipped="0" hostname="BDC7-L-5384TY5" name="com.testvagrant.FlightBookingTest" tests="1" failures="0" timestamp="19 May 2018 06:36:34 GMT" time="52.369" errors="0">
  <testcase name="testThatResultsAppearForAOneWayJourney" time="52.369" classname="com.testvagrant.FlightBookingTest"/>
</testsuite> <!-- com.testvagrant.FlightBookingTest -->
