<?xml version="1.0" encoding="UTF-8"?>
<!-- Generated by org.testng.reporters.JUnitReportReporter -->
<testsuite skipped="0" hostname="BDC7-L-5384TY5" name="com.testvagrant.HotelBookingTest" tests="1" failures="0" timestamp="20 May 2018 07:17:48 GMT" time="16.070" errors="0">
  <testcase name="shouldBeAbleToSearchForHotels" time="16.070" classname="com.testvagrant.HotelBookingTest"/>
</testsuite> <!-- com.testvagrant.HotelBookingTest -->
